<?xml version="1.0" encoding="UTF-8" ?>
<testsuite errors="0" failures="0" hostname="C304L-007D11.campus.unicaen.fr" name="model.BateauTest" skipped="0" tests="4" time="0.155" timestamp="2025-04-04T17:25:33">
  <properties>
[...]
</properties>
  <testcase classname="model.BateauTest" name="testDetruireBateau" time="0.008" />
  <testcase classname="model.BateauTest" name="testToucheCellules" time="0.002" />
  <testcase classname="model.BateauTest" name="testVisibiliteBateau" time="0.0" />
  <testcase classname="model.BateauTest" name="testEtatBateau" time="0.0" />
  <system-out><![CDATA[]]></system-out>
  <system-err><![CDATA[]]></system-err>
</testsuite>
